<?xml version="1.0" encoding="UTF-8"?>
<!-- Generated by org.testng.reporters.JUnitReportReporter -->
<testsuite hostname="DESKTOP-BBB6LF3" name="com.testcase.xzxstestcase" tests="1" failures="0" timestamp="4 Mar 2019 06:23:04 GMT" time="12.062" errors="0">
  <testcase name="test" time="12.062" classname="com.testcase.xzxstestcase"/>
</testsuite> <!-- com.testcase.xzxstestcase -->
